/simulation/ignition/stats
googleapis.com/gz.msgs.WorldStatistics

/simulation/ignition/clock
googleapis.com/gz.msgs.Clock

/icon/robot_controller/robot_status
type.googleapis.com/intrinsic_proto.data_logger.LogItem

/icon/robot_controller/robot_status_throttle
type.googleapis.com/intrinsic_proto.data_logger.LogItem

/tf
type.googleapis.com/intrinsic_proto.TFMessage

/world/sim_world/state
type.googleapis.com/intrinsic_proto.world.GetWorldStateResponse

/service_inspection/services/robot
type.googleapis.com/intrinsic_proto.services.v1.ServiceInspectionData

/simulation/metrics
type.googleapis.com/intrinsic_proto.simulation.SimulatorPerformanceMeasures

/conductor/saveStatus
type.googleapis.com/intrinsic_proto.conductor.SaveState


/equipment/gpio/robot_controller/input_configurable_out_status_0
/equipment/gpio/robot_controller/input_configurable_out_status_1
/equipment/gpio/robot_controller/input_configurable_out_status_2
/equipment/gpio/robot_controller/input_configurable_out_status_3
/equipment/gpio/robot_controller/input_configurable_out_status_4
/equipment/gpio/robot_controller/input_configurable_out_status_5
/equipment/gpio/robot_controller/input_configurable_out_status_6
/equipment/gpio/robot_controller/input_configurable_out_status_7
/equipment/gpio/robot_controller/input_standard_out_status_0
/equipment/gpio/robot_controller/input_standard_out_status_1
/equipment/gpio/robot_controller/input_standard_out_status_2
/equipment/gpio/robot_controller/input_standard_out_status_3
/equipment/gpio/robot_controller/input_standard_out_status_4
/equipment/gpio/robot_controller/input_standard_out_status_5
/equipment/gpio/robot_controller/input_standard_out_status_6
/equipment/gpio/robot_controller/input_standard_out_status_7
/equipment/gpio/robot_controller/input_tool_in_status_0
/equipment/gpio/robot_controller/input_tool_in_status_1
/equipment/gpio/robot_controller/input_standard_in_0
/equipment/gpio/robot_controller/input_standard_in_1
/equipment/gpio/robot_controller/input_standard_in_2
/equipment/gpio/robot_controller/input_standard_in_3
/equipment/gpio/robot_controller/input_standard_in_4
/equipment/gpio/robot_controller/input_standard_in_5
/equipment/gpio/robot_controller/input_standard_in_6
/equipment/gpio/robot_controller/input_standard_in_7
/equipment/gpio/robot_controller/input_tool_out_status_0
/equipment/gpio/robot_controller/input_tool_out_status_1
/equipment/gpio/robot_controller/input_configurable_in_0
/equipment/gpio/robot_controller/input_configurable_in_1
/equipment/gpio/robot_controller/input_configurable_in_2
/equipment/gpio/robot_controller/input_configurable_in_3
/equipment/gpio/robot_controller/input_configurable_in_4
/equipment/gpio/robot_controller/input_configurable_in_5
/equipment/gpio/robot_controller/input_configurable_in_6
/equipment/gpio/robot_controller/input_configurable_in_7
/equipment/gpio/robot_controller/input_ur_module_analog_input_status_0
/equipment/gpio/robot_controller/input_ur_module_analog_input_status_1
/equipment/gpio/robot_controller/output_standard_out_0
/equipment/gpio/robot_controller/output_standard_out_1
/equipment/gpio/robot_controller/output_standard_out_2
/equipment/gpio/robot_controller/output_standard_out_3
/equipment/gpio/robot_controller/output_standard_out_4
/equipment/gpio/robot_controller/output_standard_out_5
/equipment/gpio/robot_controller/output_standard_out_6
/equipment/gpio/robot_controller/output_standard_out_7
/equipment/gpio/robot_controller/output_tool_out_0
/equipment/gpio/robot_controller/output_tool_out_1
/equipment/gpio/robot_controller/output_configurable_out_0
/equipment/gpio/robot_controller/output_configurable_out_1
/equipment/gpio/robot_controller/output_configurable_out_2
/equipment/gpio/robot_controller/output_configurable_out_3
/equipment/gpio/robot_controller/output_configurable_out_4
/equipment/gpio/robot_controller/output_configurable_out_5
/equipment/gpio/robot_controller/output_configurable_out_6
/equipment/gpio/robot_controller/output_configurable_out_7
